<?xml version="1.0" encoding="UTF-8"?>
<!-- Generated by org.testng.reporters.JUnitReportReporter -->
<testsuite skipped="0" hostname="DESKTOP-ACNCPE0" name="test.TestcaseSceanrio1" tests="1" failures="0" timestamp="19 Jun 2021 05:58:54 GMT" time="0.005" errors="0">
  <testcase name="HomeTest" time="0.005" classname="test.TestcaseSceanrio1"/>
</testsuite> <!-- test.TestcaseSceanrio1 -->
