<?xml version="1.0" encoding="UTF-8"?>
<!-- Generated by org.testng.reporters.JUnitReportReporter -->
<testsuite skipped="0" hostname="DESKTOP-ACNCPE0" name="shoppingApp.LoginApp" tests="2" failures="0" timestamp="20 Jun 2021 07:05:15 GMT" time="24.659" errors="0">
  <testcase name="AddToCart" time="22.093" classname="shoppingApp.LoginApp"/>
  <testcase name="Login" time="2.566" classname="shoppingApp.LoginApp"/>
</testsuite> <!-- shoppingApp.LoginApp -->
