<?xml version="1.0" encoding="UTF-8"?>
<!-- Generated by org.testng.reporters.JUnitReportReporter -->
<testsuite skipped="0" hostname="DESKTOP-ACNCPE0" name="test1.testcasesceanrio1" tests="2" failures="0" timestamp="19 Jun 2021 06:13:39 GMT" time="0.045" errors="0">
  <testcase name="loginTest1" time="0.021" classname="test1.testcasesceanrio1"/>
  <testcase name="HomeTest1" time="0.024" classname="test1.testcasesceanrio1"/>
</testsuite> <!-- test1.testcasesceanrio1 -->
