<?xml version="1.0" encoding="UTF-8"?>
<!-- Generated by org.testng.reporters.JUnitReportReporter -->
<testsuite skipped="0" hostname="DESKTOP-ACNCPE0" name="test.testcase2" tests="4" failures="0" timestamp="19 Jun 2021 06:32:44 GMT" time="0.027" errors="0">
  <testcase name="loginTest" time="0.011" classname="test.testcase2"/>
  <testcase name="signupTest" time="0.010" classname="test.testcase2"/>
  <testcase name="singoutTest" time="0.003" classname="test.testcase2"/>
  <testcase name="HomeTest" time="0.003" classname="test.testcase2"/>
</testsuite> <!-- test.testcase2 -->
