<?xml version="1.0" encoding="UTF-8"?>
<!-- Generated by org.testng.reporters.JUnitReportReporter -->
<testsuite skipped="0" hostname="DESKTOP-ACNCPE0" name="test.ParallelTest" tests="2" failures="0" timestamp="04 Jul 2021 13:58:34 GMT" time="28.952" errors="0">
  <testcase name="SwaglabTest" time="13.817" classname="test.ParallelTest"/>
  <testcase name="simplilearnTest" time="15.135" classname="test.ParallelTest"/>
</testsuite> <!-- test.ParallelTest -->
