<?xml version="1.0" encoding="UTF-8"?>
<!-- Generated by org.testng.reporters.JUnitXMLReporter -->
<testsuite hostname="DESKTOP-ACNCPE0" ignored="0" name="Test-loginTest" tests="1" failures="0" timestamp="19 Jun 2021 07:07:35 GMT" time="44.553" errors="0">
  <testcase name="Login" time="18.225" classname="Login.LoginTest"/>
</testsuite> <!-- Test-loginTest -->
