<?xml version="1.0" encoding="UTF-8"?>
<!-- Generated by org.testng.reporters.JUnitXMLReporter -->
<testsuite hostname="DESKTOP-ACNCPE0" ignored="0" name="Test-login" tests="1" failures="0" timestamp="19 Jun 2021 07:07:38 GMT" time="47.239" errors="0">
  <testcase name="test1" time="47.142" classname="test.Login"/>
</testsuite> <!-- Test-login -->
